c:\users\colcrt\desktop\novaline\srcs\tools\torrentpatch\obj\mtd\torrentpatch.pdb
c:\users\colcrt\desktop\novaline\srcs\tools\torrentpatch\obj\mtd\stringfromfile.obj
c:\users\colcrt\desktop\novaline\srcs\tools\torrentpatch\obj\mtd\helper.obj
c:\users\colcrt\desktop\novaline\srcs\tools\torrentpatch\obj\mtd\torrentpatchapp.obj
c:\users\colcrt\desktop\novaline\srcs\tools\torrentpatch\obj\mtd\torrentpatch.pch
c:\users\colcrt\desktop\novaline\srcs\tools\torrentpatch\obj\mtd\metin2torrentconsole.obj
c:\users\colcrt\desktop\novaline\srcs\tools\torrentpatch\obj\mtd\patchthread.obj
c:\users\colcrt\desktop\novaline\srcs\tools\torrentpatch\obj\mtd\crcpatcher.obj
c:\users\colcrt\desktop\novaline\srcs\tools\torrentpatch\obj\mtd\webbrowserpanel.obj
c:\users\colcrt\desktop\novaline\srcs\tools\torrentpatch\obj\mtd\torrentskin.obj
c:\users\colcrt\desktop\novaline\srcs\tools\torrentpatch\obj\mtd\skinwindow.obj
c:\users\colcrt\desktop\novaline\srcs\tools\torrentpatch\obj\mtd\skintext.obj
c:\users\colcrt\desktop\novaline\srcs\tools\torrentpatch\obj\mtd\skingauge.obj
c:\users\colcrt\desktop\novaline\srcs\tools\torrentpatch\obj\mtd\skinbutton.obj
c:\users\colcrt\desktop\novaline\srcs\tools\torrentpatch\obj\mtd\torrentpatchtaskbaricon.obj
c:\users\colcrt\desktop\novaline\srcs\tools\torrentpatch\obj\mtd\cminiunzip.obj
c:\users\colcrt\desktop\novaline\srcs\tools\torrentpatch\obj\mtd\stringfromhttp.obj
c:\users\colcrt\desktop\novaline\srcs\tools\torrentpatch\obj\mtd\cversionfile.obj
c:\users\colcrt\desktop\novaline\srcs\tools\torrentpatch\obj\mtd\cpostit.obj
c:\users\colcrt\desktop\novaline\srcs\tools\torrentpatch\obj\mtd\clocalemanager.obj
c:\users\colcrt\desktop\novaline\srcs\tools\torrentpatch\obj\mtd\ccrctable.obj
c:\users\colcrt\desktop\novaline\srcs\tools\torrentpatch\obj\mtd\cconfig.obj
c:\users\colcrt\desktop\novaline\srcs\tools\torrentpatch\obj\mtd\torrentpatchpanel.obj
c:\users\colcrt\desktop\novaline\srcs\tools\torrentpatch\obj\mtd\torrentpatchframe.obj
c:\users\colcrt\desktop\novaline\srcs\tools\torrentpatch\obj\mtd\torrentpatchevent.obj
c:\users\colcrt\desktop\novaline\srcs\tools\torrentpatch\obj\mtd\torrentpatch.tlog\cl.command.1.tlog
c:\users\colcrt\desktop\novaline\srcs\tools\torrentpatch\obj\mtd\torrentpatch.tlog\cl.read.1.tlog
c:\users\colcrt\desktop\novaline\srcs\tools\torrentpatch\obj\mtd\torrentpatch.tlog\cl.write.1.tlog
